<?xml version="1.0" encoding="UTF-8"?>
<testsuite xmlns:xsi="http://www.w3.org/2001/XMLSchema-instance" xsi:noNamespaceSchemaLocation="https://maven.apache.org/surefire/maven-surefire-plugin/xsd/surefire-test-report.xsd" name="com.dh.clinica.service.PacienteServiceTest" time="0.462" tests="3" errors="0" skipped="0" failures="0">
  <properties>
[...]
</properties>
  <testcase name="agregarYBuscarPacienteTest" classname="com.dh.clinica.service.PacienteServiceTest" time="0.025"/>
  <testcase name="eliminarPacienteTest" classname="com.dh.clinica.service.PacienteServiceTest" time="0.005"/>
  <testcase name="traerTodos" classname="com.dh.clinica.service.PacienteServiceTest" time="0.008"/>
</testsuite>